<?xml version="1.0" encoding="utf-8" standalone="no"?>
<!--This file represents the results of running a test suite-->
<test-results name="D:\git\FinalSelenium\FinalSelenium\bin\Debug\FinalSelenium.dll" total="1" errors="1" failures="0" not-run="0" inconclusive="0" ignored="0" skipped="0" invalid="0" date="2017-02-19" time="22:23:24">
  <environment nunit-version="2.6.4.14350" clr-version="2.0.50727.8745" os-version="Microsoft Windows NT 6.2.9200.0" platform="Win32NT" cwd="C:\Users\Feroz\Downloads\NUnit-2.6.4\NUnit-2.6.4\bin" machine-name="Y700" user="Feroz" user-domain="Y700" />
  <culture-info current-culture="en-US" current-uiculture="en-US" />
  <test-suite type="Assembly" name="D:\git\FinalSelenium\FinalSelenium\bin\Debug\FinalSelenium.dll" executed="True" result="Failure" success="False" time="5.946" asserts="0">
    <results>
      <test-suite type="Namespace" name="FinalSelenium" executed="True" result="Failure" success="False" time="5.939" asserts="0">
        <results>
          <test-suite type="TestFixture" name="Class1" executed="True" result="Failure" success="False" time="5.938" asserts="0">
            <results>
              <test-case name="FinalSelenium.Class1.RegisterUser" executed="True" result="Error" success="False" time="5.932" asserts="0">
                <failure>
                  <message><![CDATA[OpenQA.Selenium.Support.UI.UnexpectedTagNameException : Element should have been select but was input]]></message>
                  <stack-trace><![CDATA[at OpenQA.Selenium.Support.UI.SelectElement..ctor(IWebElement element)
at FinalSelenium.GetMethods.GetDDLValue(IWebElement element) in D:\git\FinalSelenium\FinalSelenium\GetMethods.cs:line 20
at FinalSelenium.Class1.RegisterUser() in D:\git\FinalSelenium\FinalSelenium\Class1.cs:line 44
]]></stack-trace>
                </failure>
              </test-case>
            </results>
          </test-suite>
        </results>
      </test-suite>
    </results>
  </test-suite>
</test-results>